SF:/home/fparol4/_sandbox/_r_sandbox/_event_emmiter/src/linked-list.ts
FN:10,<instance_members_initializer>
FN:11,Node
FN:17,build_linkedlist
FN:26,find_linkedlist
FN:74,fn_compare
FN:84,fn_compare
FNDA:10,<instance_members_initializer>
FNDA:10,Node
FNDA:15,build_linkedlist
FNDA:2,find_linkedlist
FNDA:3,fn_compare
FNDA:3,fn_compare
FNF:6
FNH:6
BRDA:18,3,0,5
BRDA:18,3,1,10
BRDA:31,4,0,6
BRDA:31,4,1,6
BRDA:32,4,2,1
BRDA:34,4,3,5
BRDA:37,4,4,1
BRDA:47,6,0,3
BRDA:47,6,1,2
BRF:9
BRH:9
DA:5,1
DA:6,1
DA:8,1
DA:10,1
DA:11,1
DA:12,12
DA:13,12
DA:14,12
DA:15,1
DA:17,1
DA:18,16
DA:19,26
DA:20,26
DA:21,26
DA:22,1
DA:26,1
DA:27,1
DA:28,1
DA:30,3
DA:31,3
DA:32,9
DA:33,10
DA:34,10
DA:36,14
DA:37,14
DA:38,4
DA:39,1
DA:41,1
DA:42,2
DA:43,15
DA:44,3
DA:46,3
DA:47,3
DA:48,5
DA:49,5
DA:50,5
DA:51,5
DA:52,2
DA:54,2
DA:55,9
DA:56,3
DA:57,3
DA:58,3
DA:59,2
DA:61,2
DA:62,3
DA:63,3
DA:64,3
DA:65,2
DA:66,1
DA:68,1
DA:69,2
DA:70,3
DA:71,15
DA:72,3
DA:74,3
DA:75,3
DA:76,3
DA:77,2
DA:79,2
DA:80,3
DA:81,15
DA:82,3
DA:84,3
DA:85,3
DA:86,3
DA:87,2
DA:88,1
LH:68
LF:68
end_of_record
